{"numTotalTestSuites":38,"numPassedTestSuites":38,"numFailedTestSuites":0,"numPendingTestSuites":0,"numTotalTests":94,"numPassedTests":94,"numFailedTests":0,"numPendingTests":0,"numTodoTests":0,"startTime":1775641746324,"success":true,"testResults":[{"assertionResults":[{"ancestorTitles":["","TC-045: spaceTheme tokens match design spec"],"fullName":" TC-045: spaceTheme tokens match design spec colorPrimary equals #4F8EF7","status":"passed","title":"colorPrimary equals #4F8EF7","duration":16,"failureMessages":[]},{"ancestorTitles":["","TC-045: spaceTheme tokens match design spec"],"fullName":" TC-045: spaceTheme tokens match design spec colorBgBase equals #0A0A0F","status":"passed","title":"colorBgBase equals #0A0A0F","duration":1,"failureMessages":[]},{"ancestorTitles":["","TC-045: spaceTheme tokens match design spec"],"fullName":" TC-045: spaceTheme tokens match design spec colorBgContainer equals #14141F","status":"passed","title":"colorBgContainer equals #14141F","duration":0,"failureMessages":[]},{"ancestorTitles":["","TC-045: spaceTheme tokens match design spec"],"fullName":" TC-045: spaceTheme tokens match design spec colorBorder equals #2A2A3A","status":"passed","title":"colorBorder equals #2A2A3A","duration":0,"failureMessages":[]},{"ancestorTitles":["","TC-045: spaceTheme tokens match design spec"],"fullName":" TC-045: spaceTheme tokens match design spec colorTextBase equals #E8E8E8","status":"passed","title":"colorTextBase equals #E8E8E8","duration":1,"failureMessages":[]},{"ancestorTitles":["","TC-045: spaceTheme tokens match design spec"],"fullName":" TC-045: spaceTheme tokens match design spec borderRadius equals 4","status":"passed","title":"borderRadius equals 4","duration":0,"failureMessages":[]},{"ancestorTitles":["","TC-045: spaceTheme tokens match design spec"],"fullName":" TC-045: spaceTheme tokens match design spec algorithm includes theme.darkAlgorithm","status":"passed","title":"algorithm includes theme.darkAlgorithm","duration":2,"failureMessages":[]},{"ancestorTitles":["","TC-045: spaceTheme tokens match design spec"],"fullName":" TC-045: spaceTheme tokens match design spec algorithm is set (not undefined)","status":"passed","title":"algorithm is set (not undefined)","duration":0,"failureMessages":[]}],"startTime":1775641756419,"endTime":1775641756439,"status":"passed","message":"","name":"/Users/esanmohammad/prototyping/Space-company/packages/ui/src/theme/spaceTheme.test.ts"},{"assertionResults":[{"ancestorTitles":["","mockContactSubmit"],"fullName":" mockContactSubmit TC-043: returns a Promise","status":"passed","title":"TC-043: returns a Promise","duration":2,"failureMessages":[]},{"ancestorTitles":["","mockContactSubmit"],"fullName":" mockContactSubmit TC-043: resolves with { success: true, message: string } after 1500ms","status":"passed","title":"TC-043: resolves with { success: true, message: string } after 1500ms","duration":1,"failureMessages":[]},{"ancestorTitles":["","mockContactSubmit"],"fullName":" mockContactSubmit TC-043: resolution message contains the submitter name","status":"passed","title":"TC-043: resolution message contains the submitter name","duration":0,"failureMessages":[]},{"ancestorTitles":["","mockContactSubmit"],"fullName":" mockContactSubmit TC-044: rejects with Error(\"Network error\") when simulateError is true","status":"passed","title":"TC-044: rejects with Error(\"Network error\") when simulateError is true","duration":2,"failureMessages":[]},{"ancestorTitles":["","mockContactSubmit"],"fullName":" mockContactSubmit TC-044: error message is exactly \"Network error\"","status":"passed","title":"TC-044: error message is exactly \"Network error\"","duration":0,"failureMessages":[]}],"startTime":1775641748444,"endTime":1775641748449,"status":"passed","message":"","name":"/Users/esanmohammad/prototyping/Space-company/packages/ui/src/utils/mockSubmit.test.ts"},{"assertionResults":[{"ancestorTitles":["","CompanyInfoBlock"],"fullName":" CompanyInfoBlock renders address inside <address> element","status":"passed","title":"renders address inside <address> element","duration":82,"failureMessages":[]},{"ancestorTitles":["","CompanyInfoBlock"],"fullName":" CompanyInfoBlock renders <a href=\"mailto:...\"> for email","status":"passed","title":"renders <a href=\"mailto:...\"> for email","duration":184,"failureMessages":[]},{"ancestorTitles":["","CompanyInfoBlock"],"fullName":" CompanyInfoBlock renders <a href=\"tel:...\"> for phone","status":"passed","title":"renders <a href=\"tel:...\"> for phone","duration":44,"failureMessages":[]},{"ancestorTitles":["","CompanyInfoBlock"],"fullName":" CompanyInfoBlock renders tagline text","status":"passed","title":"renders tagline text","duration":5,"failureMessages":[]},{"ancestorTitles":["","CompanyInfoBlock"],"fullName":" CompanyInfoBlock has zero accessibility violations","status":"passed","title":"has zero accessibility violations","duration":68,"failureMessages":[]}],"startTime":1775641748671,"endTime":1775641749054,"status":"passed","message":"","name":"/Users/esanmohammad/prototyping/Space-company/packages/ui/src/components/CompanyInfoBlock/CompanyInfoBlock.test.tsx"},{"assertionResults":[{"ancestorTitles":["","CtaBanner"],"fullName":" CtaBanner renders headline text","status":"passed","title":"renders headline text","duration":661,"failureMessages":[]},{"ancestorTitles":["","CtaBanner"],"fullName":" CtaBanner renders CTA button with correct label","status":"passed","title":"renders CTA button with correct label","duration":169,"failureMessages":[]},{"ancestorTitles":["","CtaBanner"],"fullName":" CtaBanner clicking button calls onCtaClick exactly once","status":"passed","title":"clicking button calls onCtaClick exactly once","duration":52,"failureMessages":[]},{"ancestorTitles":["","CtaBanner"],"fullName":" CtaBanner has zero accessibility violations","status":"passed","title":"has zero accessibility violations","duration":69,"failureMessages":[]}],"startTime":1775641755030,"endTime":1775641755981,"status":"passed","message":"","name":"/Users/esanmohammad/prototyping/Space-company/packages/ui/src/components/CtaBanner/CtaBanner.test.tsx"},{"assertionResults":[{"ancestorTitles":["","FeatureCard"],"fullName":" FeatureCard renders title in an h3 element","status":"passed","title":"renders title in an h3 element","duration":568,"failureMessages":[]},{"ancestorTitles":["","FeatureCard"],"fullName":" FeatureCard renders description text","status":"passed","title":"renders description text","duration":13,"failureMessages":[]},{"ancestorTitles":["","FeatureCard"],"fullName":" FeatureCard icon wrapper has aria-hidden=\"true\"","status":"passed","title":"icon wrapper has aria-hidden=\"true\"","duration":16,"failureMessages":[]},{"ancestorTitles":["","FeatureCard"],"fullName":" FeatureCard root element is <article>","status":"passed","title":"root element is <article>","duration":6,"failureMessages":[]},{"ancestorTitles":["","FeatureCard"],"fullName":" FeatureCard has zero accessibility violations","status":"passed","title":"has zero accessibility violations","duration":75,"failureMessages":[]}],"startTime":1775641754933,"endTime":1775641755611,"status":"passed","message":"","name":"/Users/esanmohammad/prototyping/Space-company/packages/ui/src/components/FeatureCard/FeatureCard.test.tsx"},{"assertionResults":[{"ancestorTitles":["","ContactForm"],"fullName":" ContactForm empty submit shows inline required errors for all four fields","status":"passed","title":"empty submit shows inline required errors for all four fields","duration":2228,"failureMessages":[]},{"ancestorTitles":["","ContactForm"],"fullName":" ContactForm invalid email shows inline email error","status":"passed","title":"invalid email shows inline email error","duration":3353,"failureMessages":[]},{"ancestorTitles":["","ContactForm"],"fullName":" ContactForm name less than 2 chars shows length error","status":"passed","title":"name less than 2 chars shows length error","duration":953,"failureMessages":[]},{"ancestorTitles":["","ContactForm"],"fullName":" ContactForm message less than 10 chars shows length error","status":"passed","title":"message less than 10 chars shows length error","duration":1352,"failureMessages":[]},{"ancestorTitles":["","ContactForm"],"fullName":" ContactForm valid submit: calls onSubmit prop and button becomes disabled with aria-busy during submission","status":"passed","title":"valid submit: calls onSubmit prop and button becomes disabled with aria-busy during submission","duration":4053,"failureMessages":[]},{"ancestorTitles":["","ContactForm"],"fullName":" ContactForm successful resolution: shows success notification and resets fields","status":"passed","title":"successful resolution: shows success notification and resets fields","duration":3795,"failureMessages":[]},{"ancestorTitles":["","ContactForm"],"fullName":" ContactForm rejected onSubmit: shows error notification","status":"passed","title":"rejected onSubmit: shows error notification","duration":4220,"failureMessages":[]},{"ancestorTitles":["","ContactForm"],"fullName":" ContactForm has zero accessibility violations in idle state","status":"passed","title":"has zero accessibility violations in idle state","duration":837,"failureMessages":[]}],"startTime":1775641751614,"endTime":1775641772405,"status":"passed","message":"","name":"/Users/esanmohammad/prototyping/Space-company/packages/ui/src/components/ContactForm/ContactForm.test.tsx"},{"assertionResults":[{"ancestorTitles":["","FeaturesGrid"],"fullName":" FeaturesGrid renders correct number of cards for 3 features","status":"passed","title":"renders correct number of cards for 3 features","duration":468,"failureMessages":[]},{"ancestorTitles":["","FeaturesGrid"],"fullName":" FeaturesGrid renders correct number of cards for 6 features","status":"passed","title":"renders correct number of cards for 6 features","duration":221,"failureMessages":[]},{"ancestorTitles":["","FeaturesGrid"],"fullName":" FeaturesGrid renders correct number of cards for 4 features","status":"passed","title":"renders correct number of cards for 4 features","duration":48,"failureMessages":[]},{"ancestorTitles":["","FeaturesGrid"],"fullName":" FeaturesGrid calls console.warn when features.length < 3","status":"passed","title":"calls console.warn when features.length < 3","duration":27,"failureMessages":[]},{"ancestorTitles":["","FeaturesGrid"],"fullName":" FeaturesGrid calls console.warn and renders only 6 cards when features.length > 6","status":"passed","title":"calls console.warn and renders only 6 cards when features.length > 6","duration":72,"failureMessages":[]},{"ancestorTitles":["","FeaturesGrid"],"fullName":" FeaturesGrid renders sectionTitle as <h2> when provided","status":"passed","title":"renders sectionTitle as <h2> when provided","duration":181,"failureMessages":[]},{"ancestorTitles":["","FeaturesGrid"],"fullName":" FeaturesGrid does not render <h2> when sectionTitle is absent","status":"passed","title":"does not render <h2> when sectionTitle is absent","duration":26,"failureMessages":[]},{"ancestorTitles":["","FeaturesGrid"],"fullName":" FeaturesGrid has zero accessibility violations","status":"passed","title":"has zero accessibility violations","duration":609,"failureMessages":[]}],"startTime":1775641751663,"endTime":1775641753315,"status":"passed","message":"","name":"/Users/esanmohammad/prototyping/Space-company/packages/ui/src/components/FeaturesGrid/FeaturesGrid.test.tsx"},{"assertionResults":[{"ancestorTitles":["","Footer","copyright"],"fullName":" Footer copyright renders copyright text containing the company name","status":"passed","title":"renders copyright text containing the company name","duration":233,"failureMessages":[]},{"ancestorTitles":["","Footer","copyright"],"fullName":" Footer copyright renders copyright text containing the provided year","status":"passed","title":"renders copyright text containing the provided year","duration":16,"failureMessages":[]},{"ancestorTitles":["","Footer","copyright"],"fullName":" Footer copyright uses the current year when year prop is not provided","status":"passed","title":"uses the current year when year prop is not provided","duration":14,"failureMessages":[]},{"ancestorTitles":["","Footer","tagline"],"fullName":" Footer tagline renders the tagline text","status":"passed","title":"renders the tagline text","duration":4,"failureMessages":[]},{"ancestorTitles":["","Footer","social links"],"fullName":" Footer social links renders all social links with correct href","status":"passed","title":"renders all social links with correct href","duration":32,"failureMessages":[]},{"ancestorTitles":["","Footer","social links"],"fullName":" Footer social links renders social links with correct aria-label","status":"passed","title":"renders social links with correct aria-label","duration":40,"failureMessages":[]},{"ancestorTitles":["","Footer","social links"],"fullName":" Footer social links renders decorative icons with aria-hidden=\"true\"","status":"passed","title":"renders decorative icons with aria-hidden=\"true\"","duration":1,"failureMessages":[]},{"ancestorTitles":["","Footer","landmark"],"fullName":" Footer landmark renders inside a <footer> element","status":"passed","title":"renders inside a <footer> element","duration":2,"failureMessages":[]},{"ancestorTitles":["","Footer","landmark"],"fullName":" Footer landmark is discoverable via the contentinfo landmark role","status":"passed","title":"is discoverable via the contentinfo landmark role","duration":7,"failureMessages":[]},{"ancestorTitles":["","Footer","accessibility (jest-axe)"],"fullName":" Footer accessibility (jest-axe) has no WCAG violations","status":"passed","title":"has no WCAG violations","duration":81,"failureMessages":[]},{"ancestorTitles":["","Footer","accessibility (jest-axe)"],"fullName":" Footer accessibility (jest-axe) has no WCAG violations with empty social links","status":"passed","title":"has no WCAG violations with empty social links","duration":15,"failureMessages":[]}],"startTime":1775641748655,"endTime":1775641749102,"status":"passed","message":"","name":"/Users/esanmohammad/prototyping/Space-company/packages/ui/src/components/Footer/Footer.test.tsx"},{"assertionResults":[{"ancestorTitles":["","Hero"],"fullName":" Hero renders <h1> with headline text","status":"passed","title":"renders <h1> with headline text","duration":889,"failureMessages":[]},{"ancestorTitles":["","Hero"],"fullName":" Hero renders subHeadline text","status":"passed","title":"renders subHeadline text","duration":35,"failureMessages":[]},{"ancestorTitles":["","Hero"],"fullName":" Hero renders CTA button with correct label","status":"passed","title":"renders CTA button with correct label","duration":233,"failureMessages":[]},{"ancestorTitles":["","Hero"],"fullName":" Hero clicking CTA calls onCtaClick exactly once","status":"passed","title":"clicking CTA calls onCtaClick exactly once","duration":118,"failureMessages":[]},{"ancestorTitles":["","Hero"],"fullName":" Hero renders no <img> element for background","status":"passed","title":"renders no <img> element for background","duration":16,"failureMessages":[]},{"ancestorTitles":["","Hero"],"fullName":" Hero has zero accessibility violations","status":"passed","title":"has zero accessibility violations","duration":116,"failureMessages":[]}],"startTime":1775641754225,"endTime":1775641755632,"status":"passed","message":"","name":"/Users/esanmohammad/prototyping/Space-company/packages/ui/src/components/Hero/Hero.test.tsx"},{"assertionResults":[{"ancestorTitles":["","MissionStrip"],"fullName":" MissionStrip renders <h2> with title text","status":"passed","title":"renders <h2> with title text","duration":189,"failureMessages":[]},{"ancestorTitles":["","MissionStrip"],"fullName":" MissionStrip renders body text","status":"passed","title":"renders body text","duration":4,"failureMessages":[]},{"ancestorTitles":["","MissionStrip"],"fullName":" MissionStrip applies background-image style when backgroundImage prop is provided","status":"passed","title":"applies background-image style when backgroundImage prop is provided","duration":4,"failureMessages":[]},{"ancestorTitles":["","MissionStrip"],"fullName":" MissionStrip renders no <img> element for background","status":"passed","title":"renders no <img> element for background","duration":4,"failureMessages":[]},{"ancestorTitles":["","MissionStrip"],"fullName":" MissionStrip has zero accessibility violations","status":"passed","title":"has zero accessibility violations","duration":54,"failureMessages":[]}],"startTime":1775641751763,"endTime":1775641752018,"status":"passed","message":"","name":"/Users/esanmohammad/prototyping/Space-company/packages/ui/src/components/MissionStrip/MissionStrip.test.tsx"},{"assertionResults":[{"ancestorTitles":["","Navbar","Desktop rendering (TC-028)"],"fullName":" Navbar Desktop rendering (TC-028) renders the brand name","status":"passed","title":"renders the brand name","duration":216,"failureMessages":[]},{"ancestorTitles":["","Navbar","Desktop rendering (TC-028)"],"fullName":" Navbar Desktop rendering (TC-028) renders all nav links","status":"passed","title":"renders all nav links","duration":24,"failureMessages":[]},{"ancestorTitles":["","Navbar","Desktop rendering (TC-028)"],"fullName":" Navbar Desktop rendering (TC-028) sets aria-current=\"page\" on the active link","status":"passed","title":"sets aria-current=\"page\" on the active link","duration":113,"failureMessages":[]},{"ancestorTitles":["","Navbar","Desktop rendering (TC-028)"],"fullName":" Navbar Desktop rendering (TC-028) does not set aria-current on non-active links","status":"passed","title":"does not set aria-current on non-active links","duration":76,"failureMessages":[]},{"ancestorTitles":["","Navbar","Desktop rendering (TC-028)"],"fullName":" Navbar Desktop rendering (TC-028) renders a <nav> landmark","status":"passed","title":"renders a <nav> landmark","duration":30,"failureMessages":[]},{"ancestorTitles":["","Navbar","Desktop rendering (TC-028)"],"fullName":" Navbar Desktop rendering (TC-028) renders inside a <header> element","status":"passed","title":"renders inside a <header> element","duration":7,"failureMessages":[]},{"ancestorTitles":["","Navbar","Desktop rendering (TC-028)"],"fullName":" Navbar Desktop rendering (TC-028) has no accessibility violations (jest-axe)","status":"passed","title":"has no accessibility violations (jest-axe)","duration":133,"failureMessages":[]},{"ancestorTitles":["","Navbar","Mobile rendering — hamburger & drawer (TC-030, TC-031, TC-032)"],"fullName":" Navbar Mobile rendering — hamburger & drawer (TC-030, TC-031, TC-032) TC-030: hamburger button is present in the DOM with correct aria-label","status":"passed","title":"TC-030: hamburger button is present in the DOM with correct aria-label","duration":7,"failureMessages":[]},{"ancestorTitles":["","Navbar","Mobile rendering — hamburger & drawer (TC-030, TC-031, TC-032)"],"fullName":" Navbar Mobile rendering — hamburger & drawer (TC-030, TC-031, TC-032) TC-030: hamburger button has aria-expanded=\"false\" initially","status":"passed","title":"TC-030: hamburger button has aria-expanded=\"false\" initially","duration":17,"failureMessages":[]},{"ancestorTitles":["","Navbar","Mobile rendering — hamburger & drawer (TC-030, TC-031, TC-032)"],"fullName":" Navbar Mobile rendering — hamburger & drawer (TC-030, TC-031, TC-032) TC-031: clicking hamburger opens the drawer (title \"Site navigation\" visible)","status":"passed","title":"TC-031: clicking hamburger opens the drawer (title \"Site navigation\" visible)","duration":131,"failureMessages":[]},{"ancestorTitles":["","Navbar","Mobile rendering — hamburger & drawer (TC-030, TC-031, TC-032)"],"fullName":" Navbar Mobile rendering — hamburger & drawer (TC-030, TC-031, TC-032) TC-031: drawer contains nav links after hamburger click","status":"passed","title":"TC-031: drawer contains nav links after hamburger click","duration":177,"failureMessages":[]},{"ancestorTitles":["","Navbar","Mobile rendering — hamburger & drawer (TC-030, TC-031, TC-032)"],"fullName":" Navbar Mobile rendering — hamburger & drawer (TC-030, TC-031, TC-032) TC-031: clicking a drawer link closes the drawer","status":"passed","title":"TC-031: clicking a drawer link closes the drawer","duration":252,"failureMessages":[]},{"ancestorTitles":["","Navbar","Mobile rendering — hamburger & drawer (TC-030, TC-031, TC-032)"],"fullName":" Navbar Mobile rendering — hamburger & drawer (TC-030, TC-031, TC-032) TC-032: pressing Escape closes the open drawer","status":"passed","title":"TC-032: pressing Escape closes the open drawer","duration":44,"failureMessages":[]},{"ancestorTitles":["","Navbar","Edge cases (TC-029)"],"fullName":" Navbar Edge cases (TC-029) TC-029: renders brand only without error when links array is empty","status":"passed","title":"TC-029: renders brand only without error when links array is empty","duration":54,"failureMessages":[]},{"ancestorTitles":["","Navbar","Edge cases (TC-029)"],"fullName":" Navbar Edge cases (TC-029) TC-029: no nav links rendered when links array is empty","status":"passed","title":"TC-029: no nav links rendered when links array is empty","duration":20,"failureMessages":[]}],"startTime":1775641754189,"endTime":1775641755491,"status":"passed","message":"","name":"/Users/esanmohammad/prototyping/Space-company/packages/ui/src/components/Navbar/Navbar.test.tsx"},{"assertionResults":[{"ancestorTitles":["","SectionWrapper","default rendering"],"fullName":" SectionWrapper default rendering renders a <section> element by default","status":"passed","title":"renders a <section> element by default","duration":81,"failureMessages":[]},{"ancestorTitles":["","SectionWrapper","default rendering"],"fullName":" SectionWrapper default rendering renders children inside the wrapper","status":"passed","title":"renders children inside the wrapper","duration":9,"failureMessages":[]},{"ancestorTitles":["","SectionWrapper","default rendering"],"fullName":" SectionWrapper default rendering renders with data-testid=\"section-wrapper\"","status":"passed","title":"renders with data-testid=\"section-wrapper\"","duration":2,"failureMessages":[]},{"ancestorTitles":["","SectionWrapper","as prop"],"fullName":" SectionWrapper as prop renders a <div> when as=\"div\"","status":"passed","title":"renders a <div> when as=\"div\"","duration":8,"failureMessages":[]},{"ancestorTitles":["","SectionWrapper","as prop"],"fullName":" SectionWrapper as prop renders an <article> when as=\"article\"","status":"passed","title":"renders an <article> when as=\"article\"","duration":1,"failureMessages":[]},{"ancestorTitles":["","SectionWrapper","as prop"],"fullName":" SectionWrapper as prop renders an <aside> when as=\"aside\"","status":"passed","title":"renders an <aside> when as=\"aside\"","duration":5,"failureMessages":[]},{"ancestorTitles":["","SectionWrapper","className prop"],"fullName":" SectionWrapper className prop applies custom className alongside the module class","status":"passed","title":"applies custom className alongside the module class","duration":1,"failureMessages":[]},{"ancestorTitles":["","SectionWrapper","className prop"],"fullName":" SectionWrapper className prop renders without error when className is not provided","status":"passed","title":"renders without error when className is not provided","duration":22,"failureMessages":[]},{"ancestorTitles":["","SectionWrapper","aria-labelledby prop"],"fullName":" SectionWrapper aria-labelledby prop forwards aria-labelledby to the root element","status":"passed","title":"forwards aria-labelledby to the root element","duration":2,"failureMessages":[]},{"ancestorTitles":["","SectionWrapper","aria-labelledby prop"],"fullName":" SectionWrapper aria-labelledby prop does not set aria-labelledby when not provided","status":"passed","title":"does not set aria-labelledby when not provided","duration":2,"failureMessages":[]},{"ancestorTitles":["","SectionWrapper","id prop"],"fullName":" SectionWrapper id prop forwards id to the root element","status":"passed","title":"forwards id to the root element","duration":5,"failureMessages":[]},{"ancestorTitles":["","SectionWrapper","accessibility (jest-axe)"],"fullName":" SectionWrapper accessibility (jest-axe) has no WCAG violations with default props","status":"passed","title":"has no WCAG violations with default props","duration":133,"failureMessages":[]},{"ancestorTitles":["","SectionWrapper","accessibility (jest-axe)"],"fullName":" SectionWrapper accessibility (jest-axe) has no WCAG violations with aria-labelledby","status":"passed","title":"has no WCAG violations with aria-labelledby","duration":27,"failureMessages":[]},{"ancestorTitles":["","SectionWrapper","accessibility (jest-axe)"],"fullName":" SectionWrapper accessibility (jest-axe) has no WCAG violations when rendered as div","status":"passed","title":"has no WCAG violations when rendered as div","duration":18,"failureMessages":[]}],"startTime":1775641748672,"endTime":1775641748989,"status":"passed","message":"","name":"/Users/esanmohammad/prototyping/Space-company/packages/ui/src/components/SectionWrapper/SectionWrapper.test.tsx"}]}